# JRE version: Java(TM) SE Runtime Environment (8.0_301-b09) (build 1.8.0_301-b09)
# Java VM: Java HotSpot(TM) 64-Bit Server VM (25.301-b09 mixed mode windows-amd64 compressed oops)
Heap:
 PSYoungGen      total 342016K, used 294259K [0x0000000740000000, 0x000000075ff80000, 0x00000007c0000000)
  eden space 271360K, 84% used [0x0000000740000000,0x000000074e0c04c0,0x0000000750900000)
  from space 70656K, 90% used [0x0000000750900000,0x000000075479c770,0x0000000754e00000)
  to   space 80384K, 0% used [0x000000075b100000,0x000000075b100000,0x000000075ff80000)
 ParOldGen       total 175104K, used 126785K [0x0000000640000000, 0x000000064ab00000, 0x0000000740000000)
  object space 175104K, 72% used [0x0000000640000000,0x0000000647bd0608,0x000000064ab00000)
 Metaspace       used 32113K, capacity 32421K, committed 32768K, reserved 1077248K
  class space    used 3933K, capacity 4027K, committed 4096K, reserved 1048576K
GC Heap History (10 events):
Event: 5.369 GC heap before
{Heap before GC invocations=11 (full 2):
 PSYoungGen      total 179200K, used 178842K [0x0000000740000000, 0x0000000750380000, 0x00000007c0000000)
  eden space 172544K, 100% used [0x0000000740000000,0x000000074a880000,0x000000074a880000)
  from space 6656K, 94% used [0x000000074fd00000,0x0000000750326980,0x0000000750380000)
  to   space 21504K, 0% used [0x000000074d980000,0x000000074d980000,0x000000074ee80000)
 ParOldGen       total 175104K, used 27825K [0x0000000640000000, 0x000000064ab00000, 0x0000000740000000)
  object space 175104K, 15% used [0x0000000640000000,0x0000000641b2c650,0x000000064ab00000)
 Metaspace       used 27968K, capacity 28205K, committed 28672K, reserved 1075200K
  class space    used 3418K, capacity 3499K, committed 3584K, reserved 1048576K
Event: 5.374 GC heap after
Heap after GC invocations=11 (full 2):
 PSYoungGen      total 244224K, used 11014K [0x0000000740000000, 0x0000000751500000, 0x00000007c0000000)
  eden space 222720K, 0% used [0x0000000740000000,0x0000000740000000,0x000000074d980000)
  from space 21504K, 51% used [0x000000074d980000,0x000000074e4419c8,0x000000074ee80000)
  to   space 20480K, 0% used [0x0000000750100000,0x0000000750100000,0x0000000751500000)
 ParOldGen       total 175104K, used 27833K [0x0000000640000000, 0x000000064ab00000, 0x0000000740000000)
  object space 175104K, 15% used [0x0000000640000000,0x0000000641b2e650,0x000000064ab00000)
 Metaspace       used 27968K, capacity 28205K, committed 28672K, reserved 1075200K
  class space    used 3418K, capacity 3499K, committed 3584K, reserved 1048576K
}
Event: 6.997 GC heap before
{Heap before GC invocations=12 (full 2):
 PSYoungGen      total 244224K, used 233734K [0x0000000740000000, 0x0000000751500000, 0x00000007c0000000)
  eden space 222720K, 100% used [0x0000000740000000,0x000000074d980000,0x000000074d980000)
  from space 21504K, 51% used [0x000000074d980000,0x000000074e4419c8,0x000000074ee80000)
  to   space 20480K, 0% used [0x0000000750100000,0x0000000750100000,0x0000000751500000)
 ParOldGen       total 175104K, used 27833K [0x0000000640000000, 0x000000064ab00000, 0x0000000740000000)
  object space 175104K, 15% used [0x0000000640000000,0x0000000641b2e650,0x000000064ab00000)
 Metaspace       used 28416K, capacity 28653K, committed 28928K, reserved 1075200K
  class space    used 3469K, capacity 3563K, committed 3584K, reserved 1048576K
Event: 7.021 GC heap after
Heap after GC invocations=12 (full 2):
 PSYoungGen      total 248832K, used 20460K [0x0000000740000000, 0x0000000755480000, 0x00000007c0000000)
  eden space 228352K, 0% used [0x0000000740000000,0x0000000740000000,0x000000074df00000)
  from space 20480K, 99% used [0x0000000750100000,0x00000007514fb1d0,0x0000000751500000)
  to   space 34816K, 0% used [0x000000074df00000,0x000000074df00000,0x0000000750100000)
 ParOldGen       total 175104K, used 59430K [0x0000000640000000, 0x000000064ab00000, 0x0000000740000000)
  object space 175104K, 33% used [0x0000000640000000,0x0000000643a099c0,0x000000064ab00000)
 Metaspace       used 28416K, capacity 28653K, committed 28928K, reserved 1075200K
  class space    used 3469K, capacity 3563K, committed 3584K, reserved 1048576K
}
Event: 8.423 GC heap before
{Heap before GC invocations=13 (full 2):
 PSYoungGen      total 248832K, used 248812K [0x0000000740000000, 0x0000000755480000, 0x00000007c0000000)
  eden space 228352K, 100% used [0x0000000740000000,0x000000074df00000,0x000000074df00000)
  from space 20480K, 99% used [0x0000000750100000,0x00000007514fb1d0,0x0000000751500000)
  to   space 34816K, 0% used [0x000000074df00000,0x000000074df00000,0x0000000750100000)
 ParOldGen       total 175104K, used 59430K [0x0000000640000000, 0x000000064ab00000, 0x0000000740000000)
  object space 175104K, 33% used [0x0000000640000000,0x0000000643a099c0,0x000000064ab00000)
 Metaspace       used 28416K, capacity 28653K, committed 28928K, reserved 1075200K
  class space    used 3469K, capacity 3563K, committed 3584K, reserved 1048576K
Event: 8.450 GC heap after
Heap after GC invocations=13 (full 2):
 PSYoungGen      total 263168K, used 34802K [0x0000000740000000, 0x0000000758080000, 0x00000007c0000000)
  eden space 228352K, 0% used [0x0000000740000000,0x0000000740000000,0x000000074df00000)
  from space 34816K, 99% used [0x000000074df00000,0x00000007500fc8f0,0x0000000750100000)
  to   space 51712K, 0% used [0x0000000754e00000,0x0000000754e00000,0x0000000758080000)
 ParOldGen       total 175104K, used 91021K [0x0000000640000000, 0x000000064ab00000, 0x0000000740000000)
  object space 175104K, 51% used [0x0000000640000000,0x00000006458e37e8,0x000000064ab00000)
 Metaspace       used 28416K, capacity 28653K, committed 28928K, reserved 1075200K
  class space    used 3469K, capacity 3563K, committed 3584K, reserved 1048576K
}
Event: 9.356 GC heap before
{Heap before GC invocations=14 (full 2):
 PSYoungGen      total 263168K, used 263154K [0x0000000740000000, 0x0000000758080000, 0x00000007c0000000)
  eden space 228352K, 100% used [0x0000000740000000,0x000000074df00000,0x000000074df00000)
  from space 34816K, 99% used [0x000000074df00000,0x00000007500fc8f0,0x0000000750100000)
  to   space 51712K, 0% used [0x0000000754e00000,0x0000000754e00000,0x0000000758080000)
 ParOldGen       total 175104K, used 91021K [0x0000000640000000, 0x000000064ab00000, 0x0000000740000000)
  object space 175104K, 51% used [0x0000000640000000,0x00000006458e37e8,0x000000064ab00000)
 Metaspace       used 28430K, capacity 28653K, committed 28928K, reserved 1075200K
  class space    used 3469K, capacity 3563K, committed 3584K, reserved 1048576K
Event: 9.409 GC heap after
Heap after GC invocations=14 (full 2):
 PSYoungGen      total 323072K, used 51705K [0x0000000740000000, 0x000000075b800000, 0x00000007c0000000)
  eden space 271360K, 0% used [0x0000000740000000,0x0000000740000000,0x0000000750900000)
  from space 51712K, 99% used [0x0000000754e00000,0x000000075807e580,0x0000000758080000)
  to   space 70656K, 0% used [0x0000000750900000,0x0000000750900000,0x0000000754e00000)
 ParOldGen       total 175104K, used 119303K [0x0000000640000000, 0x000000064ab00000, 0x0000000740000000)
  object space 175104K, 68% used [0x0000000640000000,0x0000000647481fd8,0x000000064ab00000)
 Metaspace       used 28430K, capacity 28653K, committed 28928K, reserved 1075200K
  class space    used 3469K, capacity 3563K, committed 3584K, reserved 1048576K
}
Event: 11.304 GC heap before
{Heap before GC invocations=15 (full 2):
 PSYoungGen      total 323072K, used 323065K [0x0000000740000000, 0x000000075b800000, 0x00000007c0000000)
  eden space 271360K, 100% used [0x0000000740000000,0x0000000750900000,0x0000000750900000)
  from space 51712K, 99% used [0x0000000754e00000,0x000000075807e580,0x0000000758080000)
  to   space 70656K, 0% used [0x0000000750900000,0x0000000750900000,0x0000000754e00000)
 ParOldGen       total 175104K, used 119303K [0x0000000640000000, 0x000000064ab00000, 0x0000000740000000)
  object space 175104K, 68% used [0x0000000640000000,0x0000000647481fd8,0x000000064ab00000)
 Metaspace       used 31278K, capacity 31557K, committed 31872K, reserved 1077248K
  class space    used 3842K, capacity 3931K, committed 3968K, reserved 1048576K
Event: 11.330 GC heap after
Heap after GC invocations=15 (full 2):
 PSYoungGen      total 342016K, used 64113K [0x0000000740000000, 0x000000075ff80000, 0x00000007c0000000)
  eden space 271360K, 0% used [0x0000000740000000,0x0000000740000000,0x0000000750900000)
  from space 70656K, 90% used [0x0000000750900000,0x000000075479c770,0x0000000754e00000)
  to   space 80384K, 0% used [0x000000075b100000,0x000000075b100000,0x000000075ff80000)
 ParOldGen       total 175104K, used 126785K [0x0000000640000000, 0x000000064ab00000, 0x0000000740000000)
  object space 175104K, 72% used [0x0000000640000000,0x0000000647bd0608,0x000000064ab00000)
 Metaspace       used 31278K, capacity 31557K, committed 31872K, reserved 1077248K
  class space    used 3842K, capacity 3931K, committed 3968K, reserved 1048576K
}

