# JRE version: Java(TM) SE Runtime Environment (8.0_301-b09) (build 1.8.0_301-b09)
# Java VM: Java HotSpot(TM) 64-Bit Server VM (25.301-b09 mixed mode windows-amd64 compressed oops)
Heap:
 PSYoungGen      total 323584K, used 41695K [0x0000000740000000, 0x000000075b380000, 0x00000007c0000000)
  eden space 249856K, 14% used [0x0000000740000000,0x0000000742448bc8,0x000000074f400000)
  from space 73728K, 6% used [0x000000074f400000,0x000000074f86f3b0,0x0000000753c00000)
  to   space 72704K, 0% used [0x0000000756c80000,0x0000000756c80000,0x000000075b380000)
 ParOldGen       total 175104K, used 139212K [0x0000000640000000, 0x000000064ab00000, 0x0000000740000000)
  object space 175104K, 79% used [0x0000000640000000,0x00000006487f30d8,0x000000064ab00000)
 Metaspace       used 33423K, capacity 33669K, committed 34176K, reserved 1079296K
  class space    used 4081K, capacity 4187K, committed 4224K, reserved 1048576K
GC Heap History (10 events):
Event: 11.262 GC heap before
{Heap before GC invocations=17 (full 2):
 PSYoungGen      total 199168K, used 199167K [0x0000000740000000, 0x0000000750780000, 0x00000007c0000000)
  eden space 165376K, 100% used [0x0000000740000000,0x000000074a180000,0x000000074a180000)
  from space 33792K, 99% used [0x000000074cd80000,0x000000074ee7feb8,0x000000074ee80000)
  to   space 45056K, 0% used [0x000000074a180000,0x000000074a180000,0x000000074cd80000)
 ParOldGen       total 175104K, used 65460K [0x0000000640000000, 0x000000064ab00000, 0x0000000740000000)
  object space 175104K, 37% used [0x0000000640000000,0x0000000643fed298,0x000000064ab00000)
 Metaspace       used 28762K, capacity 29005K, committed 29312K, reserved 1075200K
  class space    used 3487K, capacity 3595K, committed 3712K, reserved 1048576K
Event: 11.286 GC heap after
Heap after GC invocations=17 (full 2):
 PSYoungGen      total 210432K, used 45040K [0x0000000740000000, 0x0000000754b80000, 0x00000007c0000000)
  eden space 165376K, 0% used [0x0000000740000000,0x0000000740000000,0x000000074a180000)
  from space 45056K, 99% used [0x000000074a180000,0x000000074cd7c218,0x000000074cd80000)
  to   space 60928K, 0% used [0x0000000751000000,0x0000000751000000,0x0000000754b80000)
 ParOldGen       total 175104K, used 88228K [0x0000000640000000, 0x000000064ab00000, 0x0000000740000000)
  object space 175104K, 50% used [0x0000000640000000,0x0000000645629118,0x000000064ab00000)
 Metaspace       used 28762K, capacity 29005K, committed 29312K, reserved 1075200K
  class space    used 3487K, capacity 3595K, committed 3712K, reserved 1048576K
}
Event: 11.923 GC heap before
{Heap before GC invocations=18 (full 2):
 PSYoungGen      total 210432K, used 210416K [0x0000000740000000, 0x0000000754b80000, 0x00000007c0000000)
  eden space 165376K, 100% used [0x0000000740000000,0x000000074a180000,0x000000074a180000)
  from space 45056K, 99% used [0x000000074a180000,0x000000074cd7c218,0x000000074cd80000)
  to   space 60928K, 0% used [0x0000000751000000,0x0000000751000000,0x0000000754b80000)
 ParOldGen       total 175104K, used 88228K [0x0000000640000000, 0x000000064ab00000, 0x0000000740000000)
  object space 175104K, 50% used [0x0000000640000000,0x0000000645629118,0x000000064ab00000)
 Metaspace       used 28765K, capacity 29069K, committed 29568K, reserved 1075200K
  class space    used 3487K, capacity 3595K, committed 3712K, reserved 1048576K
Event: 11.949 GC heap after
Heap after GC invocations=18 (full 2):
 PSYoungGen      total 265216K, used 60916K [0x0000000740000000, 0x0000000756c00000, 0x00000007c0000000)
  eden space 204288K, 0% used [0x0000000740000000,0x0000000740000000,0x000000074c780000)
  from space 60928K, 99% used [0x0000000751000000,0x0000000754b7d380,0x0000000754b80000)
  to   space 74240K, 0% used [0x000000074c780000,0x000000074c780000,0x0000000751000000)
 ParOldGen       total 175104K, used 96550K [0x0000000640000000, 0x000000064ab00000, 0x0000000740000000)
  object space 175104K, 55% used [0x0000000640000000,0x0000000645e49af0,0x000000064ab00000)
 Metaspace       used 28765K, capacity 29069K, committed 29568K, reserved 1075200K
  class space    used 3487K, capacity 3595K, committed 3712K, reserved 1048576K
}
Event: 12.867 GC heap before
{Heap before GC invocations=19 (full 2):
 PSYoungGen      total 265216K, used 265204K [0x0000000740000000, 0x0000000756c00000, 0x00000007c0000000)
  eden space 204288K, 100% used [0x0000000740000000,0x000000074c780000,0x000000074c780000)
  from space 60928K, 99% used [0x0000000751000000,0x0000000754b7d380,0x0000000754b80000)
  to   space 74240K, 0% used [0x000000074c780000,0x000000074c780000,0x0000000751000000)
 ParOldGen       total 175104K, used 96550K [0x0000000640000000, 0x000000064ab00000, 0x0000000740000000)
  object space 175104K, 55% used [0x0000000640000000,0x0000000645e49af0,0x000000064ab00000)
 Metaspace       used 30069K, capacity 30271K, committed 30720K, reserved 1077248K
  class space    used 3689K, capacity 3762K, committed 3840K, reserved 1048576K
Event: 12.889 GC heap after
Heap after GC invocations=19 (full 2):
 PSYoungGen      total 278528K, used 42612K [0x0000000740000000, 0x000000075a280000, 0x00000007c0000000)
  eden space 204288K, 0% used [0x0000000740000000,0x0000000740000000,0x000000074c780000)
  from space 74240K, 57% used [0x000000074c780000,0x000000074f11d338,0x0000000751000000)
  to   space 75264K, 0% used [0x0000000755900000,0x0000000755900000,0x000000075a280000)
 ParOldGen       total 175104K, used 118814K [0x0000000640000000, 0x000000064ab00000, 0x0000000740000000)
  object space 175104K, 67% used [0x0000000640000000,0x00000006474078f0,0x000000064ab00000)
 Metaspace       used 30069K, capacity 30271K, committed 30720K, reserved 1077248K
  class space    used 3689K, capacity 3762K, committed 3840K, reserved 1048576K
}
Event: 14.199 GC heap before
{Heap before GC invocations=20 (full 2):
 PSYoungGen      total 278528K, used 246900K [0x0000000740000000, 0x000000075a280000, 0x00000007c0000000)
  eden space 204288K, 100% used [0x0000000740000000,0x000000074c780000,0x000000074c780000)
  from space 74240K, 57% used [0x000000074c780000,0x000000074f11d338,0x0000000751000000)
  to   space 75264K, 0% used [0x0000000755900000,0x0000000755900000,0x000000075a280000)
 ParOldGen       total 175104K, used 118814K [0x0000000640000000, 0x000000064ab00000, 0x0000000740000000)
  object space 175104K, 67% used [0x0000000640000000,0x00000006474078f0,0x000000064ab00000)
 Metaspace       used 32315K, capacity 32581K, committed 33024K, reserved 1079296K
  class space    used 3950K, capacity 4059K, committed 4096K, reserved 1048576K
Event: 14.209 GC heap after
Heap after GC invocations=20 (full 2):
 PSYoungGen      total 293888K, used 12015K [0x0000000740000000, 0x0000000758400000, 0x00000007c0000000)
  eden space 249856K, 0% used [0x0000000740000000,0x0000000740000000,0x000000074f400000)
  from space 44032K, 27% used [0x0000000755900000,0x00000007564bbe60,0x0000000758400000)
  to   space 73728K, 0% used [0x000000074f400000,0x000000074f400000,0x0000000753c00000)
 ParOldGen       total 175104K, used 129956K [0x0000000640000000, 0x000000064ab00000, 0x0000000740000000)
  object space 175104K, 74% used [0x0000000640000000,0x0000000647ee9290,0x000000064ab00000)
 Metaspace       used 32315K, capacity 32581K, committed 33024K, reserved 1079296K
  class space    used 3950K, capacity 4059K, committed 4096K, reserved 1048576K
}
Event: 15.421 GC heap before
{Heap before GC invocations=21 (full 2):
 PSYoungGen      total 293888K, used 261871K [0x0000000740000000, 0x0000000758400000, 0x00000007c0000000)
  eden space 249856K, 100% used [0x0000000740000000,0x000000074f400000,0x000000074f400000)
  from space 44032K, 27% used [0x0000000755900000,0x00000007564bbe60,0x0000000758400000)
  to   space 73728K, 0% used [0x000000074f400000,0x000000074f400000,0x0000000753c00000)
 ParOldGen       total 175104K, used 129956K [0x0000000640000000, 0x000000064ab00000, 0x0000000740000000)
  object space 175104K, 74% used [0x0000000640000000,0x0000000647ee9290,0x000000064ab00000)
 Metaspace       used 33240K, capacity 33509K, committed 33920K, reserved 1079296K
  class space    used 4058K, capacity 4155K, committed 4224K, reserved 1048576K
Event: 15.427 GC heap after
Heap after GC invocations=21 (full 2):
 PSYoungGen      total 323584K, used 4540K [0x0000000740000000, 0x000000075b380000, 0x00000007c0000000)
  eden space 249856K, 0% used [0x0000000740000000,0x0000000740000000,0x000000074f400000)
  from space 73728K, 6% used [0x000000074f400000,0x000000074f86f3b0,0x0000000753c00000)
  to   space 72704K, 0% used [0x0000000756c80000,0x0000000756c80000,0x000000075b380000)
 ParOldGen       total 175104K, used 139212K [0x0000000640000000, 0x000000064ab00000, 0x0000000740000000)
  object space 175104K, 79% used [0x0000000640000000,0x00000006487f30d8,0x000000064ab00000)
 Metaspace       used 33240K, capacity 33509K, committed 33920K, reserved 1079296K
  class space    used 4058K, capacity 4155K, committed 4224K, reserved 1048576K
}

